[35m[Appium][39m Welcome to Appium v1.22.3
[35m[Appium][39m Non-default server args:
[35m[Appium][39m   port: 52593
[35m[Appium][39m   loglevel: info
[35m[Appium][39m   tmpDir: C:\Users\Anggi\AppData\Local\Temp\\Katalon\Appium\Temp1683797204989
[35m[Appium][39m   chromedriverPort: 52594
[35m[Appium][39m Deprecated server args:
[35m[Appium][39m   [31m--chromedriver-port[39m => --default-capabilities
[35m[Appium][39m Default capabilities, which will be added to each request unless overridden by desired capabilities:
[35m[Appium][39m   chromedriverPort: 52594
[35m[Appium][39m Appium REST http interface listener started on 0.0.0.0:52593
[35m[HTTP][39m [37m-->[39m [37mGET[39m [37m/wd/hub/status[39m
[35m[HTTP][39m [90m{}[39m
[35m[HTTP][39m [37m<-- GET /wd/hub/status [39m[32m200[39m [90m5 ms - 68[39m
[35m[HTTP][39m [90m[39m
[35m[HTTP][39m [37m-->[39m [37mGET[39m [37m/wd/hub/status[39m
[35m[HTTP][39m [90m{}[39m
[35m[HTTP][39m [37m<-- GET /wd/hub/status [39m[32m200[39m [90m1 ms - 68[39m
[35m[HTTP][39m [90m[39m
[35m[HTTP][39m [37m-->[39m [37mPOST[39m [37m/wd/hub/session[39m
[35m[HTTP][39m [90m{"desiredCapabilities":{"appActivity":".Settings","appPackage":"com.android.settings","newCommandTimeout":1800,"platformVersion":"11","automationName":"uiautomator2","autoGrantPermissions":true,"platformName":"Android","udid":"19d27ede0403","deviceName":"Xiaomi M2003J15SC (Android 11)","platform":"ANDROID","systemPort":8241},"capabilities":{"firstMatch":[{"appium:appActivity":".Settings","appium:appPackage":"com.android.settings","appium:autoGrantPermissions":true,"appium:automationName":"uiautomator2","appium:deviceName":"Xiaomi M2003J15SC (Android 11)","appium:newCommandTimeout":1800,"platform":"ANDROID","platformName":"android","appium:platformVersion":"11","appium:systemPort":8241,"appium:udid":"19d27ede0403"}]}}[39m
[35m[BaseDriver][39m The following capabilities are not standard capabilities and should have an extension prefix:
[35m[BaseDriver][39m   platform
[35m[BaseDriver][39m   chromedriverPort
[35m[Appium][39m Appium v1.22.3 creating new AndroidUiautomator2Driver (v1.70.1) session
[35m[BaseDriver][39m The following capabilities were provided, but are not recognized by Appium:
[35m[BaseDriver][39m   platform
[35m[BaseDriver][39m Session created with session id: e07b0ef0-7eff-430c-94a1-8c7f6a922e68
[35m[UiAutomator2][39m Starting 'com.android.settings' directly on the device
[35m[ADB][39m Found 2 'build-tools' folders under 'C:\Users\Anggi\AppData\Local\Android\Sdk' (newest first):
[35m[ADB][39m     C:/Users/Anggi/AppData/Local/Android/Sdk/build-tools/34.0.0-rc2
[35m[ADB][39m     C:/Users/Anggi/AppData/Local/Android/Sdk/build-tools/33.0.2
[35m[ADB][39m Using 'adb.exe' from 'C:\Users\Anggi\AppData\Local\Android\Sdk\platform-tools\adb.exe'
[35m[AndroidDriver][39m Retrieving device list
[35m[AndroidDriver][39m Using device: 19d27ede0403
[35m[ADB][39m Using 'adb.exe' from 'C:\Users\Anggi\AppData\Local\Android\Sdk\platform-tools\adb.exe'
[35m[ADB][39m Getting device platform version
[35m[UiAutomator2][39m Relaxing hidden api policy
[35m[AndroidDriver][39m No app sent in, not parsing package/activity
[35m[ADB][39m Using 'apksigner.jar' from 'C:\Users\Anggi\AppData\Local\Android\Sdk\build-tools\34.0.0-rc2\lib\apksigner.jar'
[35m[ADB][39m 'C:\Users\Anggi\AppData\Roaming\npm\node_modules\appium\node_modules\appium-uiautomator2-server\apks\appium-uiautomator2-server-v4.27.0.apk' is signed with the default certificate
[35m[ADB][39m 'C:\Users\Anggi\AppData\Roaming\npm\node_modules\appium\node_modules\appium-uiautomator2-server\apks\appium-uiautomator2-server-debug-androidTest.apk' is signed with the default certificate
[35m[UiAutomator2][39m Server packages are not going to be (re)installed
[35m[ADB][39m Adding packages ["io.appium.settings","io.appium.uiautomator2.server","io.appium.uiautomator2.server.test"] to Doze whitelist
[35m[UiAutomator2][39m Starting UIAutomator2 server 4.27.0
[35m[UiAutomator2][39m Using UIAutomator2 server from 'C:\Users\Anggi\AppData\Roaming\npm\node_modules\appium\node_modules\appium-uiautomator2-server\apks\appium-uiautomator2-server-v4.27.0.apk' and test from 'C:\Users\Anggi\AppData\Roaming\npm\node_modules\appium\node_modules\appium-uiautomator2-server\apks\appium-uiautomator2-server-debug-androidTest.apk'
[35m[UiAutomator2][39m Waiting up to 30000ms for UiAutomator2 to be online...
[35m[WD Proxy][39m socket hang up
[35m[WD Proxy][39m socket hang up
[35m[WD Proxy][39m socket hang up
[35m[WD Proxy][39m Determined the downstream protocol as 'W3C'
[35m[AndroidDriver][39m Screen already unlocked, doing nothing
[35m[UiAutomator2][39m Starting 'com.android.settings/.Settings and waiting for 'com.android.settings/.Settings'
[35m[Appium][39m New AndroidUiautomator2Driver session created successfully, session e07b0ef0-7eff-430c-94a1-8c7f6a922e68 added to master session list
[35m[HTTP][39m [37m<-- POST /wd/hub/session [39m[32m200[39m [90m9233 ms - 1165[39m
[35m[HTTP][39m [90m[39m
[35m[HTTP][39m [37m-->[39m [37mGET[39m [37m/wd/hub/session/e07b0ef0-7eff-430c-94a1-8c7f6a922e68[39m
[35m[HTTP][39m [90m{}[39m
[35m[HTTP][39m [37m<-- GET /wd/hub/session/e07b0ef0-7eff-430c-94a1-8c7f6a922e68 [39m[32m200[39m [90m13 ms - 1119[39m
[35m[HTTP][39m [90m[39m
[35m[HTTP][39m [37m-->[39m [37mGET[39m [37m/wd/hub/session/e07b0ef0-7eff-430c-94a1-8c7f6a922e68[39m
[35m[HTTP][39m [90m{}[39m
[35m[HTTP][39m [37m<-- GET /wd/hub/session/e07b0ef0-7eff-430c-94a1-8c7f6a922e68 [39m[32m200[39m [90m14 ms - 1119[39m
[35m[HTTP][39m [90m[39m
[35m[HTTP][39m [37m-->[39m [37mGET[39m [37m/wd/hub/status[39m
[35m[HTTP][39m [90m{}[39m
[35m[HTTP][39m [37m<-- GET /wd/hub/status [39m[32m200[39m [90m1 ms - 68[39m
[35m[HTTP][39m [90m[39m
[35m[HTTP][39m [37m-->[39m [37mPOST[39m [37m/wd/hub/session/e07b0ef0-7eff-430c-94a1-8c7f6a922e68/timeouts[39m
[35m[HTTP][39m [90m{"implicit":60000}[39m
[35m[HTTP][39m [37m<-- POST /wd/hub/session/e07b0ef0-7eff-430c-94a1-8c7f6a922e68/timeouts [39m[32m200[39m [90m3 ms - 14[39m
[35m[HTTP][39m [90m[39m
[35m[HTTP][39m [37m-->[39m [37mGET[39m [37m/wd/hub/session/e07b0ef0-7eff-430c-94a1-8c7f6a922e68/screenshot[39m
[35m[HTTP][39m [90m{}[39m
[35m[HTTP][39m [37m<-- GET /wd/hub/session/e07b0ef0-7eff-430c-94a1-8c7f6a922e68/screenshot [39m[32m200[39m [90m579 ms - 193622[39m
[35m[HTTP][39m [90m[39m
[35m[HTTP][39m [37m-->[39m [37mGET[39m [37m/wd/hub/session/e07b0ef0-7eff-430c-94a1-8c7f6a922e68/window/rect[39m
[35m[HTTP][39m [90m{}[39m
[35m[HTTP][39m [37m<-- GET /wd/hub/session/e07b0ef0-7eff-430c-94a1-8c7f6a922e68/window/rect [39m[32m200[39m [90m25 ms - 50[39m
[35m[HTTP][39m [90m[39m
[35m[HTTP][39m [37m-->[39m [37mGET[39m [37m/wd/hub/session/e07b0ef0-7eff-430c-94a1-8c7f6a922e68/appium/device/system_bars[39m
[35m[HTTP][39m [90m{}[39m
[35m[HTTP][39m [37m<-- GET /wd/hub/session/e07b0ef0-7eff-430c-94a1-8c7f6a922e68/appium/device/system_bars [39m[32m200[39m [90m181 ms - 149[39m
[35m[HTTP][39m [90m[39m
[35m[HTTP][39m [37m-->[39m [37mPOST[39m [37m/wd/hub/session/e07b0ef0-7eff-430c-94a1-8c7f6a922e68/appium/device/activate_app[39m
[35m[HTTP][39m [90m{"bundleId":"com.example.frontend_mobile"}[39m
[35m[HTTP][39m [37m<-- POST /wd/hub/session/e07b0ef0-7eff-430c-94a1-8c7f6a922e68/appium/device/activate_app [39m[32m200[39m [90m640 ms - 14[39m
[35m[HTTP][39m [90m[39m
[35m[HTTP][39m [37m-->[39m [37mGET[39m [37m/wd/hub/session/e07b0ef0-7eff-430c-94a1-8c7f6a922e68/source[39m
[35m[HTTP][39m [90m{}[39m
[35m[W3C (e07b0ef0)][39m Driver proxy active, passing request on via HTTP proxy
[35m[WD Proxy][39m Replacing sessionId 4310d09f-d308-41ab-b7fa-8423a81b4b52 with e07b0ef0-7eff-430c-94a1-8c7f6a922e68
[35m[HTTP][39m [37m<-- GET /wd/hub/session/e07b0ef0-7eff-430c-94a1-8c7f6a922e68/source [39m[32m200[39m [90m561 ms - 7029[39m
[35m[HTTP][39m [90m[39m
[35m[HTTP][39m [37m-->[39m [37mGET[39m [37m/wd/hub/session/e07b0ef0-7eff-430c-94a1-8c7f6a922e68/screenshot[39m
[35m[HTTP][39m [90m{}[39m
[35m[HTTP][39m [37m<-- GET /wd/hub/session/e07b0ef0-7eff-430c-94a1-8c7f6a922e68/screenshot [39m[32m200[39m [90m554 ms - 117148[39m
[35m[HTTP][39m [90m[39m
[35m[HTTP][39m [37m-->[39m [37mGET[39m [37m/wd/hub/session/e07b0ef0-7eff-430c-94a1-8c7f6a922e68/source[39m
[35m[HTTP][39m [90m{}[39m
[35m[W3C (e07b0ef0)][39m Driver proxy active, passing request on via HTTP proxy
[35m[WD Proxy][39m Replacing sessionId 4310d09f-d308-41ab-b7fa-8423a81b4b52 with e07b0ef0-7eff-430c-94a1-8c7f6a922e68
[35m[HTTP][39m [37m<-- GET /wd/hub/session/e07b0ef0-7eff-430c-94a1-8c7f6a922e68/source [39m[32m200[39m [90m409 ms - 13624[39m
[35m[HTTP][39m [90m[39m
[35m[HTTP][39m [37m-->[39m [37mGET[39m [37m/wd/hub/session/e07b0ef0-7eff-430c-94a1-8c7f6a922e68/screenshot[39m
[35m[HTTP][39m [90m{}[39m
[35m[HTTP][39m [37m<-- GET /wd/hub/session/e07b0ef0-7eff-430c-94a1-8c7f6a922e68/screenshot [39m[32m200[39m [90m807 ms - 257278[39m
[35m[HTTP][39m [90m[39m
[35m[HTTP][39m [37m-->[39m [37mPOST[39m [37m/wd/hub/session/e07b0ef0-7eff-430c-94a1-8c7f6a922e68/elements[39m
[35m[HTTP][39m [90m{"using":"xpath","value":"//*[@class = 'android.widget.Button' and @resource-id = '' and (@text = '' or . = '')]"}[39m
[35m[HTTP][39m [37m<-- POST /wd/hub/session/e07b0ef0-7eff-430c-94a1-8c7f6a922e68/elements [39m[32m200[39m [90m726 ms - 779[39m
[35m[HTTP][39m [90m[39m
[35m[HTTP][39m [37m-->[39m [37mPOST[39m [37m/wd/hub/session/e07b0ef0-7eff-430c-94a1-8c7f6a922e68/elements[39m
[35m[HTTP][39m [90m{"using":"-android uiautomator","value":"new UiSelector().className(\"android.widget.Button\").resourceId(\"\")"}[39m
[35m[HTTP][39m [37m<-- POST /wd/hub/session/e07b0ef0-7eff-430c-94a1-8c7f6a922e68/elements [39m[32m200[39m [90m159 ms - 779[39m
[35m[HTTP][39m [90m[39m
[35m[HTTP][39m [37m-->[39m [37mGET[39m [37m/wd/hub/session/e07b0ef0-7eff-430c-94a1-8c7f6a922e68/window/rect[39m
[35m[HTTP][39m [90m{}[39m
[35m[HTTP][39m [37m<-- GET /wd/hub/session/e07b0ef0-7eff-430c-94a1-8c7f6a922e68/window/rect [39m[32m200[39m [90m15 ms - 50[39m
[35m[HTTP][39m [90m[39m
[35m[HTTP][39m [37m-->[39m [37mPOST[39m [37m/wd/hub/session/e07b0ef0-7eff-430c-94a1-8c7f6a922e68/elements[39m
[35m[HTTP][39m [90m{"using":"xpath","value":"//hierarchy/android.widget.FrameLayout[1]/android.widget.LinearLayout[1]/android.widget.FrameLayout[1]/android.widget.FrameLayout[1]/android.view.View[1]/android.view.View[1]/android.view.View[1]/android.view.View[1]/android.view.View[1]/android.widget.Button[1]"}[39m
[35m[HTTP][39m [37m<-- POST /wd/hub/session/e07b0ef0-7eff-430c-94a1-8c7f6a922e68/elements [39m[32m200[39m [90m130 ms - 139[39m
[35m[HTTP][39m [90m[39m
[35m[HTTP][39m [37m-->[39m [37mGET[39m [37m/wd/hub/session/e07b0ef0-7eff-430c-94a1-8c7f6a922e68/element/00000000-0000-03e0-0000-005c00000003/location[39m
[35m[HTTP][39m [90m{}[39m
[35m[W3C (e07b0ef0)][39m Driver proxy active, passing request on via HTTP proxy
[35m[WD Proxy][39m Replacing sessionId 4310d09f-d308-41ab-b7fa-8423a81b4b52 with e07b0ef0-7eff-430c-94a1-8c7f6a922e68
[35m[HTTP][39m [37m<-- GET /wd/hub/session/e07b0ef0-7eff-430c-94a1-8c7f6a922e68/element/00000000-0000-03e0-0000-005c00000003/location [39m[32m200[39m [90m23 ms - 78[39m
[35m[HTTP][39m [90m[39m
[35m[HTTP][39m [37m-->[39m [37mPOST[39m [37m/wd/hub/session/e07b0ef0-7eff-430c-94a1-8c7f6a922e68/element/00000000-0000-03e0-0000-005c00000003/click[39m
[35m[HTTP][39m [90m{"id":"00000000-0000-03e0-0000-005c00000003"}[39m
[35m[HTTP][39m [37m<-- POST /wd/hub/session/e07b0ef0-7eff-430c-94a1-8c7f6a922e68/element/00000000-0000-03e0-0000-005c00000003/click [39m[32m200[39m [90m66 ms - 14[39m
[35m[HTTP][39m [90m[39m
[35m[HTTP][39m [37m-->[39m [37mGET[39m [37m/wd/hub/session/e07b0ef0-7eff-430c-94a1-8c7f6a922e68/source[39m
[35m[HTTP][39m [90m{}[39m
[35m[W3C (e07b0ef0)][39m Driver proxy active, passing request on via HTTP proxy
[35m[WD Proxy][39m Replacing sessionId 4310d09f-d308-41ab-b7fa-8423a81b4b52 with e07b0ef0-7eff-430c-94a1-8c7f6a922e68
[35m[HTTP][39m [37m<-- GET /wd/hub/session/e07b0ef0-7eff-430c-94a1-8c7f6a922e68/source [39m[32m200[39m [90m478 ms - 6996[39m
[35m[HTTP][39m [90m[39m
[35m[HTTP][39m [37m-->[39m [37mGET[39m [37m/wd/hub/session/e07b0ef0-7eff-430c-94a1-8c7f6a922e68/screenshot[39m
[35m[HTTP][39m [90m{}[39m
[35m[HTTP][39m [37m<-- GET /wd/hub/session/e07b0ef0-7eff-430c-94a1-8c7f6a922e68/screenshot [39m[32m200[39m [90m772 ms - 85476[39m
[35m[HTTP][39m [90m[39m
[35m[HTTP][39m [37m-->[39m [37mPOST[39m [37m/wd/hub/session/e07b0ef0-7eff-430c-94a1-8c7f6a922e68/elements[39m
[35m[HTTP][39m [90m{"using":"xpath","value":"//*[@class = 'android.widget.EditText' and (@text = 'Email' or . = 'Email') and @resource-id = '']"}[39m
[35m[HTTP][39m [37m<-- POST /wd/hub/session/e07b0ef0-7eff-430c-94a1-8c7f6a922e68/elements [39m[32m200[39m [90m215 ms - 139[39m
[35m[HTTP][39m [90m[39m
[35m[HTTP][39m [37m-->[39m [37mGET[39m [37m/wd/hub/session/e07b0ef0-7eff-430c-94a1-8c7f6a922e68/window/rect[39m
[35m[HTTP][39m [90m{}[39m
[35m[HTTP][39m [37m<-- GET /wd/hub/session/e07b0ef0-7eff-430c-94a1-8c7f6a922e68/window/rect [39m[32m200[39m [90m18 ms - 50[39m
[35m[HTTP][39m [90m[39m
[35m[HTTP][39m [37m-->[39m [37mPOST[39m [37m/wd/hub/session/e07b0ef0-7eff-430c-94a1-8c7f6a922e68/elements[39m
[35m[HTTP][39m [90m{"using":"xpath","value":"//*[@class = 'android.widget.EditText' and (@text = 'Email' or . = 'Email') and @resource-id = '']"}[39m
[35m[HTTP][39m [37m<-- POST /wd/hub/session/e07b0ef0-7eff-430c-94a1-8c7f6a922e68/elements [39m[32m200[39m [90m134 ms - 139[39m
[35m[HTTP][39m [90m[39m
[35m[HTTP][39m [37m-->[39m [37mGET[39m [37m/wd/hub/session/e07b0ef0-7eff-430c-94a1-8c7f6a922e68/element/00000000-0000-03e0-0000-006100000003/location[39m
[35m[HTTP][39m [90m{}[39m
[35m[W3C (e07b0ef0)][39m Driver proxy active, passing request on via HTTP proxy
[35m[WD Proxy][39m Replacing sessionId 4310d09f-d308-41ab-b7fa-8423a81b4b52 with e07b0ef0-7eff-430c-94a1-8c7f6a922e68
[35m[HTTP][39m [37m<-- GET /wd/hub/session/e07b0ef0-7eff-430c-94a1-8c7f6a922e68/element/00000000-0000-03e0-0000-006100000003/location [39m[32m200[39m [90m21 ms - 77[39m
[35m[HTTP][39m [90m[39m
[35m[HTTP][39m [37m-->[39m [37mPOST[39m [37m/wd/hub/session/e07b0ef0-7eff-430c-94a1-8c7f6a922e68/element/00000000-0000-03e0-0000-006100000003/click[39m
[35m[HTTP][39m [90m{"id":"00000000-0000-03e0-0000-006100000003"}[39m
[35m[HTTP][39m [37m<-- POST /wd/hub/session/e07b0ef0-7eff-430c-94a1-8c7f6a922e68/element/00000000-0000-03e0-0000-006100000003/click [39m[32m200[39m [90m47 ms - 14[39m
[35m[HTTP][39m [90m[39m
[35m[HTTP][39m [37m-->[39m [37mGET[39m [37m/wd/hub/session/e07b0ef0-7eff-430c-94a1-8c7f6a922e68/source[39m
[35m[HTTP][39m [90m{}[39m
[35m[W3C (e07b0ef0)][39m Driver proxy active, passing request on via HTTP proxy
[35m[WD Proxy][39m Replacing sessionId 4310d09f-d308-41ab-b7fa-8423a81b4b52 with e07b0ef0-7eff-430c-94a1-8c7f6a922e68
[35m[HTTP][39m [37m<-- GET /wd/hub/session/e07b0ef0-7eff-430c-94a1-8c7f6a922e68/source [39m[32m200[39m [90m1078 ms - 6994[39m
[35m[HTTP][39m [90m[39m
[35m[HTTP][39m [37m-->[39m [37mGET[39m [37m/wd/hub/session/e07b0ef0-7eff-430c-94a1-8c7f6a922e68/screenshot[39m
[35m[HTTP][39m [90m{}[39m
[35m[HTTP][39m [37m<-- GET /wd/hub/session/e07b0ef0-7eff-430c-94a1-8c7f6a922e68/screenshot [39m[32m200[39m [90m652 ms - 158960[39m
[35m[HTTP][39m [90m[39m
[35m[HTTP][39m [37m-->[39m [37mPOST[39m [37m/wd/hub/session/e07b0ef0-7eff-430c-94a1-8c7f6a922e68/elements[39m
[35m[HTTP][39m [90m{"using":"xpath","value":"//*[@class = 'android.widget.EditText' and (@text = 'Email' or . = 'Email') and @resource-id = '']"}[39m
[35m[HTTP][39m [37m<-- POST /wd/hub/session/e07b0ef0-7eff-430c-94a1-8c7f6a922e68/elements [39m[32m200[39m [90m616 ms - 139[39m
[35m[HTTP][39m [90m[39m
[35m[HTTP][39m [37m-->[39m [37mGET[39m [37m/wd/hub/session/e07b0ef0-7eff-430c-94a1-8c7f6a922e68/window/rect[39m
[35m[HTTP][39m [90m{}[39m
[35m[HTTP][39m [37m<-- GET /wd/hub/session/e07b0ef0-7eff-430c-94a1-8c7f6a922e68/window/rect [39m[32m200[39m [90m23 ms - 50[39m
[35m[HTTP][39m [90m[39m
[35m[HTTP][39m [37m-->[39m [37mPOST[39m [37m/wd/hub/session/e07b0ef0-7eff-430c-94a1-8c7f6a922e68/elements[39m
[35m[HTTP][39m [90m{"using":"xpath","value":"//*[@class = 'android.widget.EditText' and (@text = 'Email' or . = 'Email') and @resource-id = '']"}[39m
[35m[HTTP][39m [37m<-- POST /wd/hub/session/e07b0ef0-7eff-430c-94a1-8c7f6a922e68/elements [39m[32m200[39m [90m245 ms - 139[39m
[35m[HTTP][39m [90m[39m
[35m[HTTP][39m [37m-->[39m [37mGET[39m [37m/wd/hub/session/e07b0ef0-7eff-430c-94a1-8c7f6a922e68/element/00000000-0000-03e0-0000-006100000003/location[39m
[35m[HTTP][39m [90m{}[39m
[35m[W3C (e07b0ef0)][39m Driver proxy active, passing request on via HTTP proxy
[35m[WD Proxy][39m Replacing sessionId 4310d09f-d308-41ab-b7fa-8423a81b4b52 with e07b0ef0-7eff-430c-94a1-8c7f6a922e68
[35m[HTTP][39m [37m<-- GET /wd/hub/session/e07b0ef0-7eff-430c-94a1-8c7f6a922e68/element/00000000-0000-03e0-0000-006100000003/location [39m[32m200[39m [90m32 ms - 77[39m
[35m[HTTP][39m [90m[39m
[35m[HTTP][39m [37m-->[39m [37mPOST[39m [37m/wd/hub/session/e07b0ef0-7eff-430c-94a1-8c7f6a922e68/element/00000000-0000-03e0-0000-006100000003/clear[39m
[35m[HTTP][39m [90m{"id":"00000000-0000-03e0-0000-006100000003"}[39m
[35m[HTTP][39m [37m<-- POST /wd/hub/session/e07b0ef0-7eff-430c-94a1-8c7f6a922e68/element/00000000-0000-03e0-0000-006100000003/clear [39m[32m200[39m [90m33 ms - 14[39m
[35m[HTTP][39m [90m[39m
[35m[HTTP][39m [37m-->[39m [37mPOST[39m [37m/wd/hub/session/e07b0ef0-7eff-430c-94a1-8c7f6a922e68/element/00000000-0000-03e0-0000-006100000003/value[39m
[35m[HTTP][39m [90m{"id":"00000000-0000-03e0-0000-006100000003","text":"anggitan444@gmail.com","value":["a","n","g","g","i","t","a","n","4","4","4","@","g","m","a","i","l",".","c","o","m"]}[39m
[35m[HTTP][39m [37m<-- POST /wd/hub/session/e07b0ef0-7eff-430c-94a1-8c7f6a922e68/element/00000000-0000-03e0-0000-006100000003/value [39m[32m200[39m [90m59 ms - 14[39m
[35m[HTTP][39m [90m[39m
[35m[HTTP][39m [37m-->[39m [37mGET[39m [37m/wd/hub/session/e07b0ef0-7eff-430c-94a1-8c7f6a922e68/source[39m
[35m[HTTP][39m [90m{}[39m
[35m[W3C (e07b0ef0)][39m Driver proxy active, passing request on via HTTP proxy
[35m[WD Proxy][39m Replacing sessionId 4310d09f-d308-41ab-b7fa-8423a81b4b52 with e07b0ef0-7eff-430c-94a1-8c7f6a922e68
[35m[HTTP][39m [37m<-- GET /wd/hub/session/e07b0ef0-7eff-430c-94a1-8c7f6a922e68/source [39m[32m200[39m [90m221 ms - 7017[39m
[35m[HTTP][39m [90m[39m
[35m[HTTP][39m [37m-->[39m [37mGET[39m [37m/wd/hub/session/e07b0ef0-7eff-430c-94a1-8c7f6a922e68/screenshot[39m
[35m[HTTP][39m [90m{}[39m
[35m[HTTP][39m [37m<-- GET /wd/hub/session/e07b0ef0-7eff-430c-94a1-8c7f6a922e68/screenshot [39m[32m200[39m [90m872 ms - 179364[39m
[35m[HTTP][39m [90m[39m
[35m[HTTP][39m [37m-->[39m [37mGET[39m [37m/wd/hub/session/e07b0ef0-7eff-430c-94a1-8c7f6a922e68/context[39m
[35m[HTTP][39m [90m{}[39m
[35m[HTTP][39m [37m<-- GET /wd/hub/session/e07b0ef0-7eff-430c-94a1-8c7f6a922e68/context [39m[32m200[39m [90m1 ms - 22[39m
[35m[HTTP][39m [90m[39m
[35m[HTTP][39m [37m-->[39m [37mGET[39m [37m/wd/hub/session/e07b0ef0-7eff-430c-94a1-8c7f6a922e68/contexts[39m
[35m[HTTP][39m [90m{}[39m
[35m[HTTP][39m [37m<-- GET /wd/hub/session/e07b0ef0-7eff-430c-94a1-8c7f6a922e68/contexts [39m[32m200[39m [90m71 ms - 24[39m
[35m[HTTP][39m [90m[39m
[35m[HTTP][39m [37m-->[39m [37mPOST[39m [37m/wd/hub/session/e07b0ef0-7eff-430c-94a1-8c7f6a922e68/context[39m
[35m[HTTP][39m [90m{"name":"NATIVE_APP"}[39m
[35m[HTTP][39m [37m<-- POST /wd/hub/session/e07b0ef0-7eff-430c-94a1-8c7f6a922e68/context [39m[32m200[39m [90m1 ms - 14[39m
[35m[HTTP][39m [90m[39m
[35m[HTTP][39m [37m-->[39m [37mPOST[39m [37m/wd/hub/session/e07b0ef0-7eff-430c-94a1-8c7f6a922e68/appium/device/hide_keyboard[39m
[35m[HTTP][39m [90m{}[39m
[35m[HTTP][39m [37m<-- POST /wd/hub/session/e07b0ef0-7eff-430c-94a1-8c7f6a922e68/appium/device/hide_keyboard [39m[32m200[39m [90m2766 ms - 14[39m
[35m[HTTP][39m [90m[39m
[35m[HTTP][39m [37m-->[39m [37mPOST[39m [37m/wd/hub/session/e07b0ef0-7eff-430c-94a1-8c7f6a922e68/context[39m
[35m[HTTP][39m [90m{"name":"NATIVE_APP"}[39m
[35m[HTTP][39m [37m<-- POST /wd/hub/session/e07b0ef0-7eff-430c-94a1-8c7f6a922e68/context [39m[32m200[39m [90m1 ms - 14[39m
[35m[HTTP][39m [90m[39m
[35m[HTTP][39m [37m-->[39m [37mGET[39m [37m/wd/hub/session/e07b0ef0-7eff-430c-94a1-8c7f6a922e68/source[39m
[35m[HTTP][39m [90m{}[39m
[35m[W3C (e07b0ef0)][39m Driver proxy active, passing request on via HTTP proxy
[35m[WD Proxy][39m Replacing sessionId 4310d09f-d308-41ab-b7fa-8423a81b4b52 with e07b0ef0-7eff-430c-94a1-8c7f6a922e68
[35m[HTTP][39m [37m<-- GET /wd/hub/session/e07b0ef0-7eff-430c-94a1-8c7f6a922e68/source [39m[32m200[39m [90m138 ms - 7017[39m
[35m[HTTP][39m [90m[39m
[35m[HTTP][39m [37m-->[39m [37mGET[39m [37m/wd/hub/session/e07b0ef0-7eff-430c-94a1-8c7f6a922e68/screenshot[39m
[35m[HTTP][39m [90m{}[39m
[35m[HTTP][39m [37m<-- GET /wd/hub/session/e07b0ef0-7eff-430c-94a1-8c7f6a922e68/screenshot [39m[32m200[39m [90m620 ms - 103962[39m
[35m[HTTP][39m [90m[39m
[35m[HTTP][39m [37m-->[39m [37mPOST[39m [37m/wd/hub/session/e07b0ef0-7eff-430c-94a1-8c7f6a922e68/elements[39m
[35m[HTTP][39m [90m{"using":"xpath","value":"//*[@class = 'android.widget.EditText' and (@text = 'Password' or . = 'Password') and @resource-id = '']"}[39m
[35m[HTTP][39m [37m<-- POST /wd/hub/session/e07b0ef0-7eff-430c-94a1-8c7f6a922e68/elements [39m[32m200[39m [90m248 ms - 139[39m
[35m[HTTP][39m [90m[39m
[35m[HTTP][39m [37m-->[39m [37mGET[39m [37m/wd/hub/session/e07b0ef0-7eff-430c-94a1-8c7f6a922e68/window/rect[39m
[35m[HTTP][39m [90m{}[39m
[35m[HTTP][39m [37m<-- GET /wd/hub/session/e07b0ef0-7eff-430c-94a1-8c7f6a922e68/window/rect [39m[32m200[39m [90m21 ms - 50[39m
[35m[HTTP][39m [90m[39m
[35m[HTTP][39m [37m-->[39m [37mPOST[39m [37m/wd/hub/session/e07b0ef0-7eff-430c-94a1-8c7f6a922e68/elements[39m
[35m[HTTP][39m [90m{"using":"xpath","value":"//*[@class = 'android.widget.EditText' and (@text = 'Password' or . = 'Password') and @resource-id = '']"}[39m
[35m[HTTP][39m [37m<-- POST /wd/hub/session/e07b0ef0-7eff-430c-94a1-8c7f6a922e68/elements [39m[32m200[39m [90m210 ms - 139[39m
[35m[HTTP][39m [90m[39m
[35m[HTTP][39m [37m-->[39m [37mGET[39m [37m/wd/hub/session/e07b0ef0-7eff-430c-94a1-8c7f6a922e68/element/00000000-0000-03e0-0000-006200000003/location[39m
[35m[HTTP][39m [90m{}[39m
[35m[W3C (e07b0ef0)][39m Driver proxy active, passing request on via HTTP proxy
[35m[WD Proxy][39m Replacing sessionId 4310d09f-d308-41ab-b7fa-8423a81b4b52 with e07b0ef0-7eff-430c-94a1-8c7f6a922e68
[35m[HTTP][39m [37m<-- GET /wd/hub/session/e07b0ef0-7eff-430c-94a1-8c7f6a922e68/element/00000000-0000-03e0-0000-006200000003/location [39m[32m200[39m [90m31 ms - 77[39m
[35m[HTTP][39m [90m[39m
[35m[HTTP][39m [37m-->[39m [37mPOST[39m [37m/wd/hub/session/e07b0ef0-7eff-430c-94a1-8c7f6a922e68/element/00000000-0000-03e0-0000-006200000003/click[39m
[35m[HTTP][39m [90m{"id":"00000000-0000-03e0-0000-006200000003"}[39m
[35m[HTTP][39m [37m<-- POST /wd/hub/session/e07b0ef0-7eff-430c-94a1-8c7f6a922e68/element/00000000-0000-03e0-0000-006200000003/click [39m[32m200[39m [90m81 ms - 14[39m
[35m[HTTP][39m [90m[39m
[35m[HTTP][39m [37m-->[39m [37mGET[39m [37m/wd/hub/session/e07b0ef0-7eff-430c-94a1-8c7f6a922e68/source[39m
[35m[HTTP][39m [90m{}[39m
[35m[W3C (e07b0ef0)][39m Driver proxy active, passing request on via HTTP proxy
[35m[WD Proxy][39m Replacing sessionId 4310d09f-d308-41ab-b7fa-8423a81b4b52 with e07b0ef0-7eff-430c-94a1-8c7f6a922e68
[35m[HTTP][39m [37m<-- GET /wd/hub/session/e07b0ef0-7eff-430c-94a1-8c7f6a922e68/source [39m[32m200[39m [90m724 ms - 7017[39m
[35m[HTTP][39m [90m[39m
[35m[HTTP][39m [37m-->[39m [37mGET[39m [37m/wd/hub/session/e07b0ef0-7eff-430c-94a1-8c7f6a922e68/screenshot[39m
[35m[HTTP][39m [90m{}[39m
[35m[HTTP][39m [37m<-- GET /wd/hub/session/e07b0ef0-7eff-430c-94a1-8c7f6a922e68/screenshot [39m[32m200[39m [90m668 ms - 174958[39m
[35m[HTTP][39m [90m[39m
[35m[HTTP][39m [37m-->[39m [37mPOST[39m [37m/wd/hub/session/e07b0ef0-7eff-430c-94a1-8c7f6a922e68/elements[39m
[35m[HTTP][39m [90m{"using":"xpath","value":"//*[@class = 'android.widget.EditText' and (@text = 'Password' or . = 'Password') and @resource-id = '']"}[39m
[35m[HTTP][39m [37m<-- POST /wd/hub/session/e07b0ef0-7eff-430c-94a1-8c7f6a922e68/elements [39m[32m200[39m [90m291 ms - 139[39m
[35m[HTTP][39m [90m[39m
[35m[HTTP][39m [37m-->[39m [37mGET[39m [37m/wd/hub/session/e07b0ef0-7eff-430c-94a1-8c7f6a922e68/window/rect[39m
[35m[HTTP][39m [90m{}[39m
[35m[HTTP][39m [37m<-- GET /wd/hub/session/e07b0ef0-7eff-430c-94a1-8c7f6a922e68/window/rect [39m[32m200[39m [90m24 ms - 50[39m
[35m[HTTP][39m [90m[39m
[35m[HTTP][39m [37m-->[39m [37mPOST[39m [37m/wd/hub/session/e07b0ef0-7eff-430c-94a1-8c7f6a922e68/elements[39m
[35m[HTTP][39m [90m{"using":"xpath","value":"//*[@class = 'android.widget.EditText' and (@text = 'Password' or . = 'Password') and @resource-id = '']"}[39m
[35m[HTTP][39m [37m<-- POST /wd/hub/session/e07b0ef0-7eff-430c-94a1-8c7f6a922e68/elements [39m[32m200[39m [90m181 ms - 139[39m
[35m[HTTP][39m [90m[39m
[35m[HTTP][39m [37m-->[39m [37mGET[39m [37m/wd/hub/session/e07b0ef0-7eff-430c-94a1-8c7f6a922e68/element/00000000-0000-03e0-0000-006200000003/location[39m
[35m[HTTP][39m [90m{}[39m
[35m[W3C (e07b0ef0)][39m Driver proxy active, passing request on via HTTP proxy
[35m[WD Proxy][39m Replacing sessionId 4310d09f-d308-41ab-b7fa-8423a81b4b52 with e07b0ef0-7eff-430c-94a1-8c7f6a922e68
[35m[HTTP][39m [37m<-- GET /wd/hub/session/e07b0ef0-7eff-430c-94a1-8c7f6a922e68/element/00000000-0000-03e0-0000-006200000003/location [39m[32m200[39m [90m19 ms - 77[39m
[35m[HTTP][39m [90m[39m
[35m[HTTP][39m [37m-->[39m [37mPOST[39m [37m/wd/hub/session/e07b0ef0-7eff-430c-94a1-8c7f6a922e68/element/00000000-0000-03e0-0000-006200000003/clear[39m
[35m[HTTP][39m [90m{"id":"00000000-0000-03e0-0000-006200000003"}[39m
[35m[HTTP][39m [37m<-- POST /wd/hub/session/e07b0ef0-7eff-430c-94a1-8c7f6a922e68/element/00000000-0000-03e0-0000-006200000003/clear [39m[32m200[39m [90m20 ms - 14[39m
[35m[HTTP][39m [90m[39m
[35m[HTTP][39m [37m-->[39m [37mPOST[39m [37m/wd/hub/session/e07b0ef0-7eff-430c-94a1-8c7f6a922e68/element/00000000-0000-03e0-0000-006200000003/value[39m
[35m[HTTP][39m [90m{"id":"00000000-0000-03e0-0000-006200000003","text":"anggitan04","value":["a","n","g","g","i","t","a","n","0","4"]}[39m
[35m[HTTP][39m [37m<-- POST /wd/hub/session/e07b0ef0-7eff-430c-94a1-8c7f6a922e68/element/00000000-0000-03e0-0000-006200000003/value [39m[32m200[39m [90m44 ms - 14[39m
[35m[HTTP][39m [90m[39m
[35m[HTTP][39m [37m-->[39m [37mGET[39m [37m/wd/hub/session/e07b0ef0-7eff-430c-94a1-8c7f6a922e68/source[39m
[35m[HTTP][39m [90m{}[39m
[35m[W3C (e07b0ef0)][39m Driver proxy active, passing request on via HTTP proxy
[35m[WD Proxy][39m Replacing sessionId 4310d09f-d308-41ab-b7fa-8423a81b4b52 with e07b0ef0-7eff-430c-94a1-8c7f6a922e68
[35m[HTTP][39m [37m<-- GET /wd/hub/session/e07b0ef0-7eff-430c-94a1-8c7f6a922e68/source [39m[32m200[39m [90m133 ms - 7029[39m
[35m[HTTP][39m [90m[39m
[35m[HTTP][39m [37m-->[39m [37mGET[39m [37m/wd/hub/session/e07b0ef0-7eff-430c-94a1-8c7f6a922e68/screenshot[39m
[35m[HTTP][39m [90m{}[39m
[35m[HTTP][39m [37m<-- GET /wd/hub/session/e07b0ef0-7eff-430c-94a1-8c7f6a922e68/screenshot [39m[32m200[39m [90m794 ms - 183350[39m
[35m[HTTP][39m [90m[39m
[35m[HTTP][39m [37m-->[39m [37mGET[39m [37m/wd/hub/session/e07b0ef0-7eff-430c-94a1-8c7f6a922e68/context[39m
[35m[HTTP][39m [90m{}[39m
[35m[HTTP][39m [37m<-- GET /wd/hub/session/e07b0ef0-7eff-430c-94a1-8c7f6a922e68/context [39m[32m200[39m [90m1 ms - 22[39m
[35m[HTTP][39m [90m[39m
[35m[HTTP][39m [37m-->[39m [37mGET[39m [37m/wd/hub/session/e07b0ef0-7eff-430c-94a1-8c7f6a922e68/contexts[39m
[35m[HTTP][39m [90m{}[39m
[35m[HTTP][39m [37m<-- GET /wd/hub/session/e07b0ef0-7eff-430c-94a1-8c7f6a922e68/contexts [39m[32m200[39m [90m66 ms - 24[39m
[35m[HTTP][39m [90m[39m
[35m[HTTP][39m [37m-->[39m [37mPOST[39m [37m/wd/hub/session/e07b0ef0-7eff-430c-94a1-8c7f6a922e68/context[39m
[35m[HTTP][39m [90m{"name":"NATIVE_APP"}[39m
[35m[HTTP][39m [37m<-- POST /wd/hub/session/e07b0ef0-7eff-430c-94a1-8c7f6a922e68/context [39m[32m200[39m [90m1 ms - 14[39m
[35m[HTTP][39m [90m[39m
[35m[HTTP][39m [37m-->[39m [37mPOST[39m [37m/wd/hub/session/e07b0ef0-7eff-430c-94a1-8c7f6a922e68/appium/device/hide_keyboard[39m
[35m[HTTP][39m [90m{}[39m
[35m[HTTP][39m [37m<-- POST /wd/hub/session/e07b0ef0-7eff-430c-94a1-8c7f6a922e68/appium/device/hide_keyboard [39m[32m200[39m [90m2460 ms - 14[39m
[35m[HTTP][39m [90m[39m
[35m[HTTP][39m [37m-->[39m [37mPOST[39m [37m/wd/hub/session/e07b0ef0-7eff-430c-94a1-8c7f6a922e68/context[39m
[35m[HTTP][39m [90m{"name":"NATIVE_APP"}[39m
[35m[HTTP][39m [37m<-- POST /wd/hub/session/e07b0ef0-7eff-430c-94a1-8c7f6a922e68/context [39m[32m200[39m [90m1 ms - 14[39m
[35m[HTTP][39m [90m[39m
[35m[HTTP][39m [37m-->[39m [37mGET[39m [37m/wd/hub/session/e07b0ef0-7eff-430c-94a1-8c7f6a922e68/source[39m
[35m[HTTP][39m [90m{}[39m
[35m[W3C (e07b0ef0)][39m Driver proxy active, passing request on via HTTP proxy
[35m[WD Proxy][39m Replacing sessionId 4310d09f-d308-41ab-b7fa-8423a81b4b52 with e07b0ef0-7eff-430c-94a1-8c7f6a922e68
[35m[HTTP][39m [37m<-- GET /wd/hub/session/e07b0ef0-7eff-430c-94a1-8c7f6a922e68/source [39m[32m200[39m [90m133 ms - 7029[39m
[35m[HTTP][39m [90m[39m
[35m[HTTP][39m [37m-->[39m [37mGET[39m [37m/wd/hub/session/e07b0ef0-7eff-430c-94a1-8c7f6a922e68/screenshot[39m
[35m[HTTP][39m [90m{}[39m
[35m[HTTP][39m [37m<-- GET /wd/hub/session/e07b0ef0-7eff-430c-94a1-8c7f6a922e68/screenshot [39m[32m200[39m [90m838 ms - 112086[39m
[35m[HTTP][39m [90m[39m
[35m[HTTP][39m [37m-->[39m [37mPOST[39m [37m/wd/hub/session/e07b0ef0-7eff-430c-94a1-8c7f6a922e68/elements[39m
[35m[HTTP][39m [90m{"using":"xpath","value":"//*[@class = 'android.widget.Button' and @resource-id = '' and (@text = '' or . = '')]"}[39m
[35m[HTTP][39m [37m<-- POST /wd/hub/session/e07b0ef0-7eff-430c-94a1-8c7f6a922e68/elements [39m[32m200[39m [90m290 ms - 395[39m
[35m[HTTP][39m [90m[39m
[35m[HTTP][39m [37m-->[39m [37mPOST[39m [37m/wd/hub/session/e07b0ef0-7eff-430c-94a1-8c7f6a922e68/elements[39m
[35m[HTTP][39m [90m{"using":"accessibility id","value":"Login"}[39m
[35m[HTTP][39m [37m<-- POST /wd/hub/session/e07b0ef0-7eff-430c-94a1-8c7f6a922e68/elements [39m[32m200[39m [90m51 ms - 267[39m
[35m[HTTP][39m [90m[39m
[35m[HTTP][39m [37m-->[39m [37mPOST[39m [37m/wd/hub/session/e07b0ef0-7eff-430c-94a1-8c7f6a922e68/elements[39m
[35m[HTTP][39m [90m{"using":"-android uiautomator","value":"new UiSelector().className(\"android.widget.Button\").resourceId(\"\")"}[39m
[35m[HTTP][39m [37m<-- POST /wd/hub/session/e07b0ef0-7eff-430c-94a1-8c7f6a922e68/elements [39m[32m200[39m [90m103 ms - 395[39m
[35m[HTTP][39m [90m[39m
[35m[HTTP][39m [37m-->[39m [37mGET[39m [37m/wd/hub/session/e07b0ef0-7eff-430c-94a1-8c7f6a922e68/window/rect[39m
[35m[HTTP][39m [90m{}[39m
[35m[HTTP][39m [37m<-- GET /wd/hub/session/e07b0ef0-7eff-430c-94a1-8c7f6a922e68/window/rect [39m[32m200[39m [90m23 ms - 50[39m
[35m[HTTP][39m [90m[39m
[35m[HTTP][39m [37m-->[39m [37mPOST[39m [37m/wd/hub/session/e07b0ef0-7eff-430c-94a1-8c7f6a922e68/elements[39m
[35m[HTTP][39m [90m{"using":"xpath","value":"//hierarchy/android.widget.FrameLayout[1]/android.widget.LinearLayout[1]/android.widget.FrameLayout[1]/android.widget.FrameLayout[1]/android.view.View[1]/android.view.View[1]/android.view.View[1]/android.view.View[1]/android.widget.Button[1]"}[39m
[35m[HTTP][39m [37m<-- POST /wd/hub/session/e07b0ef0-7eff-430c-94a1-8c7f6a922e68/elements [39m[32m200[39m [90m157 ms - 139[39m
[35m[HTTP][39m [90m[39m
[35m[HTTP][39m [37m-->[39m [37mGET[39m [37m/wd/hub/session/e07b0ef0-7eff-430c-94a1-8c7f6a922e68/element/00000000-0000-03e0-0000-006300000003/location[39m
[35m[HTTP][39m [90m{}[39m
[35m[W3C (e07b0ef0)][39m Driver proxy active, passing request on via HTTP proxy
[35m[WD Proxy][39m Replacing sessionId 4310d09f-d308-41ab-b7fa-8423a81b4b52 with e07b0ef0-7eff-430c-94a1-8c7f6a922e68
[35m[HTTP][39m [37m<-- GET /wd/hub/session/e07b0ef0-7eff-430c-94a1-8c7f6a922e68/element/00000000-0000-03e0-0000-006300000003/location [39m[32m200[39m [90m29 ms - 78[39m
[35m[HTTP][39m [90m[39m
[35m[HTTP][39m [37m-->[39m [37mPOST[39m [37m/wd/hub/session/e07b0ef0-7eff-430c-94a1-8c7f6a922e68/element/00000000-0000-03e0-0000-006300000003/click[39m
[35m[HTTP][39m [90m{"id":"00000000-0000-03e0-0000-006300000003"}[39m
[35m[HTTP][39m [37m<-- POST /wd/hub/session/e07b0ef0-7eff-430c-94a1-8c7f6a922e68/element/00000000-0000-03e0-0000-006300000003/click [39m[32m200[39m [90m1194 ms - 14[39m
[35m[HTTP][39m [90m[39m
[35m[HTTP][39m [37m-->[39m [37mGET[39m [37m/wd/hub/session/e07b0ef0-7eff-430c-94a1-8c7f6a922e68/source[39m
[35m[HTTP][39m [90m{}[39m
[35m[W3C (e07b0ef0)][39m Driver proxy active, passing request on via HTTP proxy
[35m[WD Proxy][39m Replacing sessionId 4310d09f-d308-41ab-b7fa-8423a81b4b52 with e07b0ef0-7eff-430c-94a1-8c7f6a922e68
[35m[HTTP][39m [37m<-- GET /wd/hub/session/e07b0ef0-7eff-430c-94a1-8c7f6a922e68/source [39m[32m200[39m [90m99 ms - 7474[39m
[35m[HTTP][39m [90m[39m
[35m[HTTP][39m [37m-->[39m [37mGET[39m [37m/wd/hub/session/e07b0ef0-7eff-430c-94a1-8c7f6a922e68/screenshot[39m
[35m[HTTP][39m [90m{}[39m
[35m[HTTP][39m [37m<-- GET /wd/hub/session/e07b0ef0-7eff-430c-94a1-8c7f6a922e68/screenshot [39m[32m200[39m [90m848 ms - 130564[39m
[35m[HTTP][39m [90m[39m
[35m[HTTP][39m [37m-->[39m [37mGET[39m [37m/wd/hub/session/e07b0ef0-7eff-430c-94a1-8c7f6a922e68/source[39m
[35m[HTTP][39m [90m{}[39m
[35m[W3C (e07b0ef0)][39m Driver proxy active, passing request on via HTTP proxy
[35m[WD Proxy][39m Replacing sessionId 4310d09f-d308-41ab-b7fa-8423a81b4b52 with e07b0ef0-7eff-430c-94a1-8c7f6a922e68
[35m[HTTP][39m [37m<-- GET /wd/hub/session/e07b0ef0-7eff-430c-94a1-8c7f6a922e68/source [39m[32m200[39m [90m112 ms - 7017[39m
[35m[HTTP][39m [90m[39m
[35m[HTTP][39m [37m-->[39m [37mGET[39m [37m/wd/hub/session/e07b0ef0-7eff-430c-94a1-8c7f6a922e68/screenshot[39m
[35m[HTTP][39m [90m{}[39m
[35m[HTTP][39m [37m<-- GET /wd/hub/session/e07b0ef0-7eff-430c-94a1-8c7f6a922e68/screenshot [39m[32m200[39m [90m820 ms - 103540[39m
[35m[HTTP][39m [90m[39m
[35m[HTTP][39m [37m-->[39m [37mPOST[39m [37m/wd/hub/session/e07b0ef0-7eff-430c-94a1-8c7f6a922e68/elements[39m
[35m[HTTP][39m [90m{"using":"xpath","value":"//*[@class = 'android.widget.EditText' and (@text = 'Password' or . = 'Password') and @resource-id = '']"}[39m
[35m[HTTP][39m [37m<-- POST /wd/hub/session/e07b0ef0-7eff-430c-94a1-8c7f6a922e68/elements [39m[32m200[39m [90m211 ms - 139[39m
[35m[HTTP][39m [90m[39m
[35m[HTTP][39m [37m-->[39m [37mGET[39m [37m/wd/hub/session/e07b0ef0-7eff-430c-94a1-8c7f6a922e68/window/rect[39m
[35m[HTTP][39m [90m{}[39m
[35m[HTTP][39m [37m<-- GET /wd/hub/session/e07b0ef0-7eff-430c-94a1-8c7f6a922e68/window/rect [39m[32m200[39m [90m21 ms - 50[39m
[35m[HTTP][39m [90m[39m
[35m[HTTP][39m [37m-->[39m [37mPOST[39m [37m/wd/hub/session/e07b0ef0-7eff-430c-94a1-8c7f6a922e68/elements[39m
[35m[HTTP][39m [90m{"using":"xpath","value":"//*[@class = 'android.widget.EditText' and (@text = 'Password' or . = 'Password') and @resource-id = '']"}[39m
[35m[HTTP][39m [37m<-- POST /wd/hub/session/e07b0ef0-7eff-430c-94a1-8c7f6a922e68/elements [39m[32m200[39m [90m181 ms - 139[39m
[35m[HTTP][39m [90m[39m
[35m[HTTP][39m [37m-->[39m [37mGET[39m [37m/wd/hub/session/e07b0ef0-7eff-430c-94a1-8c7f6a922e68/element/00000000-0000-03e0-0000-006200000003/location[39m
[35m[HTTP][39m [90m{}[39m
[35m[W3C (e07b0ef0)][39m Driver proxy active, passing request on via HTTP proxy
[35m[WD Proxy][39m Replacing sessionId 4310d09f-d308-41ab-b7fa-8423a81b4b52 with e07b0ef0-7eff-430c-94a1-8c7f6a922e68
[35m[HTTP][39m [37m<-- GET /wd/hub/session/e07b0ef0-7eff-430c-94a1-8c7f6a922e68/element/00000000-0000-03e0-0000-006200000003/location [39m[32m200[39m [90m27 ms - 77[39m
[35m[HTTP][39m [90m[39m
[35m[HTTP][39m [37m-->[39m [37mPOST[39m [37m/wd/hub/session/e07b0ef0-7eff-430c-94a1-8c7f6a922e68/element/00000000-0000-03e0-0000-006200000003/click[39m
[35m[HTTP][39m [90m{"id":"00000000-0000-03e0-0000-006200000003"}[39m
[35m[HTTP][39m [37m<-- POST /wd/hub/session/e07b0ef0-7eff-430c-94a1-8c7f6a922e68/element/00000000-0000-03e0-0000-006200000003/click [39m[32m200[39m [90m86 ms - 14[39m
[35m[HTTP][39m [90m[39m
[35m[HTTP][39m [37m-->[39m [37mGET[39m [37m/wd/hub/session/e07b0ef0-7eff-430c-94a1-8c7f6a922e68/source[39m
[35m[HTTP][39m [90m{}[39m
[35m[W3C (e07b0ef0)][39m Driver proxy active, passing request on via HTTP proxy
[35m[WD Proxy][39m Replacing sessionId 4310d09f-d308-41ab-b7fa-8423a81b4b52 with e07b0ef0-7eff-430c-94a1-8c7f6a922e68
[35m[HTTP][39m [37m<-- GET /wd/hub/session/e07b0ef0-7eff-430c-94a1-8c7f6a922e68/source [39m[32m200[39m [90m695 ms - 7017[39m
[35m[HTTP][39m [90m[39m
[35m[HTTP][39m [37m-->[39m [37mGET[39m [37m/wd/hub/session/e07b0ef0-7eff-430c-94a1-8c7f6a922e68/screenshot[39m
[35m[HTTP][39m [90m{}[39m
[35m[HTTP][39m [37m<-- GET /wd/hub/session/e07b0ef0-7eff-430c-94a1-8c7f6a922e68/screenshot [39m[32m200[39m [90m624 ms - 174790[39m
[35m[HTTP][39m [90m[39m
[35m[HTTP][39m [37m-->[39m [37mPOST[39m [37m/wd/hub/session/e07b0ef0-7eff-430c-94a1-8c7f6a922e68/elements[39m
[35m[HTTP][39m [90m{"using":"xpath","value":"//*[@class = 'android.widget.EditText' and (@text = 'Password' or . = 'Password') and @resource-id = '']"}[39m
[35m[HTTP][39m [37m<-- POST /wd/hub/session/e07b0ef0-7eff-430c-94a1-8c7f6a922e68/elements [39m[32m200[39m [90m251 ms - 139[39m
[35m[HTTP][39m [90m[39m
[35m[HTTP][39m [37m-->[39m [37mGET[39m [37m/wd/hub/session/e07b0ef0-7eff-430c-94a1-8c7f6a922e68/window/rect[39m
[35m[HTTP][39m [90m{}[39m
[35m[HTTP][39m [37m<-- GET /wd/hub/session/e07b0ef0-7eff-430c-94a1-8c7f6a922e68/window/rect [39m[32m200[39m [90m26 ms - 50[39m
[35m[HTTP][39m [90m[39m
[35m[HTTP][39m [37m-->[39m [37mPOST[39m [37m/wd/hub/session/e07b0ef0-7eff-430c-94a1-8c7f6a922e68/elements[39m
[35m[HTTP][39m [90m{"using":"xpath","value":"//*[@class = 'android.widget.EditText' and (@text = 'Password' or . = 'Password') and @resource-id = '']"}[39m
[35m[HTTP][39m [37m<-- POST /wd/hub/session/e07b0ef0-7eff-430c-94a1-8c7f6a922e68/elements [39m[32m200[39m [90m240 ms - 139[39m
[35m[HTTP][39m [90m[39m
[35m[HTTP][39m [37m-->[39m [37mGET[39m [37m/wd/hub/session/e07b0ef0-7eff-430c-94a1-8c7f6a922e68/element/00000000-0000-03e0-0000-006200000003/location[39m
[35m[HTTP][39m [90m{}[39m
[35m[W3C (e07b0ef0)][39m Driver proxy active, passing request on via HTTP proxy
[35m[WD Proxy][39m Replacing sessionId 4310d09f-d308-41ab-b7fa-8423a81b4b52 with e07b0ef0-7eff-430c-94a1-8c7f6a922e68
[35m[HTTP][39m [37m<-- GET /wd/hub/session/e07b0ef0-7eff-430c-94a1-8c7f6a922e68/element/00000000-0000-03e0-0000-006200000003/location [39m[32m200[39m [90m32 ms - 77[39m
[35m[HTTP][39m [90m[39m
[35m[HTTP][39m [37m-->[39m [37mPOST[39m [37m/wd/hub/session/e07b0ef0-7eff-430c-94a1-8c7f6a922e68/element/00000000-0000-03e0-0000-006200000003/clear[39m
[35m[HTTP][39m [90m{"id":"00000000-0000-03e0-0000-006200000003"}[39m
[35m[HTTP][39m [37m<-- POST /wd/hub/session/e07b0ef0-7eff-430c-94a1-8c7f6a922e68/element/00000000-0000-03e0-0000-006200000003/clear [39m[32m200[39m [90m34 ms - 14[39m
[35m[HTTP][39m [90m[39m
[35m[HTTP][39m [37m-->[39m [37mPOST[39m [37m/wd/hub/session/e07b0ef0-7eff-430c-94a1-8c7f6a922e68/element/00000000-0000-03e0-0000-006200000003/value[39m
[35m[HTTP][39m [90m{"id":"00000000-0000-03e0-0000-006200000003","text":"anggitan44","value":["a","n","g","g","i","t","a","n","4","4"]}[39m
[35m[HTTP][39m [37m<-- POST /wd/hub/session/e07b0ef0-7eff-430c-94a1-8c7f6a922e68/element/00000000-0000-03e0-0000-006200000003/value [39m[32m200[39m [90m42 ms - 14[39m
[35m[HTTP][39m [90m[39m
[35m[HTTP][39m [37m-->[39m [37mGET[39m [37m/wd/hub/session/e07b0ef0-7eff-430c-94a1-8c7f6a922e68/source[39m
[35m[HTTP][39m [90m{}[39m
[35m[W3C (e07b0ef0)][39m Driver proxy active, passing request on via HTTP proxy
[35m[WD Proxy][39m Replacing sessionId 4310d09f-d308-41ab-b7fa-8423a81b4b52 with e07b0ef0-7eff-430c-94a1-8c7f6a922e68
[35m[HTTP][39m [37m<-- GET /wd/hub/session/e07b0ef0-7eff-430c-94a1-8c7f6a922e68/source [39m[32m200[39m [90m202 ms - 7029[39m
[35m[HTTP][39m [90m[39m
[35m[HTTP][39m [37m-->[39m [37mGET[39m [37m/wd/hub/session/e07b0ef0-7eff-430c-94a1-8c7f6a922e68/screenshot[39m
[35m[HTTP][39m [90m{}[39m
[35m[HTTP][39m [37m<-- GET /wd/hub/session/e07b0ef0-7eff-430c-94a1-8c7f6a922e68/screenshot [39m[32m200[39m [90m845 ms - 194406[39m
[35m[HTTP][39m [90m[39m
[35m[HTTP][39m [37m-->[39m [37mGET[39m [37m/wd/hub/session/e07b0ef0-7eff-430c-94a1-8c7f6a922e68/context[39m
[35m[HTTP][39m [90m{}[39m
[35m[HTTP][39m [37m<-- GET /wd/hub/session/e07b0ef0-7eff-430c-94a1-8c7f6a922e68/context [39m[32m200[39m [90m1 ms - 22[39m
[35m[HTTP][39m [90m[39m
[35m[HTTP][39m [37m-->[39m [37mGET[39m [37m/wd/hub/session/e07b0ef0-7eff-430c-94a1-8c7f6a922e68/contexts[39m
[35m[HTTP][39m [90m{}[39m
[35m[HTTP][39m [37m<-- GET /wd/hub/session/e07b0ef0-7eff-430c-94a1-8c7f6a922e68/contexts [39m[32m200[39m [90m81 ms - 24[39m
[35m[HTTP][39m [90m[39m
[35m[HTTP][39m [37m-->[39m [37mPOST[39m [37m/wd/hub/session/e07b0ef0-7eff-430c-94a1-8c7f6a922e68/context[39m
[35m[HTTP][39m [90m{"name":"NATIVE_APP"}[39m
[35m[HTTP][39m [37m<-- POST /wd/hub/session/e07b0ef0-7eff-430c-94a1-8c7f6a922e68/context [39m[32m200[39m [90m1 ms - 14[39m
[35m[HTTP][39m [90m[39m
[35m[HTTP][39m [37m-->[39m [37mPOST[39m [37m/wd/hub/session/e07b0ef0-7eff-430c-94a1-8c7f6a922e68/appium/device/hide_keyboard[39m
[35m[HTTP][39m [90m{}[39m
[35m[HTTP][39m [37m<-- POST /wd/hub/session/e07b0ef0-7eff-430c-94a1-8c7f6a922e68/appium/device/hide_keyboard [39m[32m200[39m [90m2779 ms - 14[39m
[35m[HTTP][39m [90m[39m
[35m[HTTP][39m [37m-->[39m [37mPOST[39m [37m/wd/hub/session/e07b0ef0-7eff-430c-94a1-8c7f6a922e68/context[39m
[35m[HTTP][39m [90m{"name":"NATIVE_APP"}[39m
[35m[HTTP][39m [37m<-- POST /wd/hub/session/e07b0ef0-7eff-430c-94a1-8c7f6a922e68/context [39m[32m200[39m [90m1 ms - 14[39m
[35m[HTTP][39m [90m[39m
[35m[HTTP][39m [37m-->[39m [37mGET[39m [37m/wd/hub/session/e07b0ef0-7eff-430c-94a1-8c7f6a922e68/source[39m
[35m[HTTP][39m [90m{}[39m
[35m[W3C (e07b0ef0)][39m Driver proxy active, passing request on via HTTP proxy
[35m[WD Proxy][39m Replacing sessionId 4310d09f-d308-41ab-b7fa-8423a81b4b52 with e07b0ef0-7eff-430c-94a1-8c7f6a922e68
[35m[HTTP][39m [37m<-- GET /wd/hub/session/e07b0ef0-7eff-430c-94a1-8c7f6a922e68/source [39m[32m200[39m [90m98 ms - 7029[39m
[35m[HTTP][39m [90m[39m
[35m[HTTP][39m [37m-->[39m [37mGET[39m [37m/wd/hub/session/e07b0ef0-7eff-430c-94a1-8c7f6a922e68/screenshot[39m
[35m[HTTP][39m [90m{}[39m
[35m[HTTP][39m [37m<-- GET /wd/hub/session/e07b0ef0-7eff-430c-94a1-8c7f6a922e68/screenshot [39m[32m200[39m [90m746 ms - 111324[39m
[35m[HTTP][39m [90m[39m
[35m[HTTP][39m [37m-->[39m [37mPOST[39m [37m/wd/hub/session/e07b0ef0-7eff-430c-94a1-8c7f6a922e68/elements[39m
[35m[HTTP][39m [90m{"using":"xpath","value":"//*[@class = 'android.widget.Button' and @resource-id = '' and (@text = '' or . = '')]"}[39m
[35m[HTTP][39m [37m<-- POST /wd/hub/session/e07b0ef0-7eff-430c-94a1-8c7f6a922e68/elements [39m[32m200[39m [90m255 ms - 395[39m
[35m[HTTP][39m [90m[39m
[35m[HTTP][39m [37m-->[39m [37mPOST[39m [37m/wd/hub/session/e07b0ef0-7eff-430c-94a1-8c7f6a922e68/elements[39m
[35m[HTTP][39m [90m{"using":"accessibility id","value":"Login"}[39m
[35m[HTTP][39m [37m<-- POST /wd/hub/session/e07b0ef0-7eff-430c-94a1-8c7f6a922e68/elements [39m[32m200[39m [90m50 ms - 267[39m
[35m[HTTP][39m [90m[39m
[35m[HTTP][39m [37m-->[39m [37mPOST[39m [37m/wd/hub/session/e07b0ef0-7eff-430c-94a1-8c7f6a922e68/elements[39m
[35m[HTTP][39m [90m{"using":"-android uiautomator","value":"new UiSelector().className(\"android.widget.Button\").resourceId(\"\")"}[39m
[35m[HTTP][39m [37m<-- POST /wd/hub/session/e07b0ef0-7eff-430c-94a1-8c7f6a922e68/elements [39m[32m200[39m [90m96 ms - 395[39m
[35m[HTTP][39m [90m[39m
[35m[HTTP][39m [37m-->[39m [37mGET[39m [37m/wd/hub/session/e07b0ef0-7eff-430c-94a1-8c7f6a922e68/window/rect[39m
[35m[HTTP][39m [90m{}[39m
[35m[HTTP][39m [37m<-- GET /wd/hub/session/e07b0ef0-7eff-430c-94a1-8c7f6a922e68/window/rect [39m[32m200[39m [90m20 ms - 50[39m
[35m[HTTP][39m [90m[39m
[35m[HTTP][39m [37m-->[39m [37mPOST[39m [37m/wd/hub/session/e07b0ef0-7eff-430c-94a1-8c7f6a922e68/elements[39m
[35m[HTTP][39m [90m{"using":"xpath","value":"//hierarchy/android.widget.FrameLayout[1]/android.widget.LinearLayout[1]/android.widget.FrameLayout[1]/android.widget.FrameLayout[1]/android.view.View[1]/android.view.View[1]/android.view.View[1]/android.view.View[1]/android.widget.Button[1]"}[39m
[35m[HTTP][39m [37m<-- POST /wd/hub/session/e07b0ef0-7eff-430c-94a1-8c7f6a922e68/elements [39m[32m200[39m [90m168 ms - 139[39m
[35m[HTTP][39m [90m[39m
[35m[HTTP][39m [37m-->[39m [37mGET[39m [37m/wd/hub/session/e07b0ef0-7eff-430c-94a1-8c7f6a922e68/element/00000000-0000-03e0-0000-006300000003/location[39m
[35m[HTTP][39m [90m{}[39m
[35m[W3C (e07b0ef0)][39m Driver proxy active, passing request on via HTTP proxy
[35m[WD Proxy][39m Replacing sessionId 4310d09f-d308-41ab-b7fa-8423a81b4b52 with e07b0ef0-7eff-430c-94a1-8c7f6a922e68
[35m[HTTP][39m [37m<-- GET /wd/hub/session/e07b0ef0-7eff-430c-94a1-8c7f6a922e68/element/00000000-0000-03e0-0000-006300000003/location [39m[32m200[39m [90m36 ms - 78[39m
[35m[HTTP][39m [90m[39m
[35m[HTTP][39m [37m-->[39m [37mPOST[39m [37m/wd/hub/session/e07b0ef0-7eff-430c-94a1-8c7f6a922e68/element/00000000-0000-03e0-0000-006300000003/click[39m
[35m[HTTP][39m [90m{"id":"00000000-0000-03e0-0000-006300000003"}[39m
[35m[HTTP][39m [37m<-- POST /wd/hub/session/e07b0ef0-7eff-430c-94a1-8c7f6a922e68/element/00000000-0000-03e0-0000-006300000003/click [39m[32m200[39m [90m50 ms - 14[39m
[35m[HTTP][39m [90m[39m
[35m[HTTP][39m [37m-->[39m [37mGET[39m [37m/wd/hub/session/e07b0ef0-7eff-430c-94a1-8c7f6a922e68/source[39m
[35m[HTTP][39m [90m{}[39m
[35m[W3C (e07b0ef0)][39m Driver proxy active, passing request on via HTTP proxy
[35m[WD Proxy][39m Replacing sessionId 4310d09f-d308-41ab-b7fa-8423a81b4b52 with e07b0ef0-7eff-430c-94a1-8c7f6a922e68
[35m[HTTP][39m [37m<-- GET /wd/hub/session/e07b0ef0-7eff-430c-94a1-8c7f6a922e68/source [39m[32m200[39m [90m435 ms - 7474[39m
[35m[HTTP][39m [90m[39m
[35m[HTTP][39m [37m-->[39m [37mGET[39m [37m/wd/hub/session/e07b0ef0-7eff-430c-94a1-8c7f6a922e68/screenshot[39m
[35m[HTTP][39m [90m{}[39m
[35m[HTTP][39m [37m<-- GET /wd/hub/session/e07b0ef0-7eff-430c-94a1-8c7f6a922e68/screenshot [39m[32m200[39m [90m872 ms - 129932[39m
[35m[HTTP][39m [90m[39m
[35m[HTTP][39m [37m-->[39m [37mDELETE[39m [37m/wd/hub/session/e07b0ef0-7eff-430c-94a1-8c7f6a922e68[39m
[35m[HTTP][39m [90m{}[39m
[35m[Appium][39m Removing session e07b0ef0-7eff-430c-94a1-8c7f6a922e68 from our master session list
[35m[UiAutomator2][39m Restoring hidden api policy to the device default configuration
[35m[HTTP][39m [37m<-- DELETE /wd/hub/session/e07b0ef0-7eff-430c-94a1-8c7f6a922e68 [39m[32m200[39m [90m309 ms - 14[39m
[35m[HTTP][39m [90m[39m
